c:\users\shift_000\documents\waveedit\waveedit\debug\waveedit.pch
c:\users\shift_000\documents\waveedit\waveedit\debug\vc120.pdb
c:\users\shift_000\documents\waveedit\waveedit\debug\vc120.idb
c:\users\shift_000\documents\waveedit\waveedit\debug\stdafx.obj
c:\users\shift_000\documents\waveedit\waveedit\debug\childfrm.obj
c:\users\shift_000\documents\waveedit\waveedit\debug\classview.obj
c:\users\shift_000\documents\waveedit\waveedit\debug\fileview.obj
c:\users\shift_000\documents\waveedit\waveedit\debug\mainfrm.obj
c:\users\shift_000\documents\waveedit\waveedit\debug\outputwnd.obj
c:\users\shift_000\documents\waveedit\waveedit\debug\propertieswnd.obj
c:\users\shift_000\documents\waveedit\waveedit\debug\viewtree.obj
c:\users\shift_000\documents\waveedit\waveedit\debug\waveedit.obj
c:\users\shift_000\documents\waveedit\waveedit\debug\waveeditdoc.obj
c:\users\shift_000\documents\waveedit\waveedit\debug\waveeditview.obj
c:\users\shift_000\documents\waveedit\waveedit\debug\wavefile.obj
c:\users\shift_000\documents\waveedit\waveedit\debug\waveedit.res
c:\users\shift_000\documents\waveedit\debug\waveedit.pdb
c:\users\shift_000\documents\waveedit\waveedit\debug\waveedit.tlog\cl.command.1.tlog
c:\users\shift_000\documents\waveedit\waveedit\debug\waveedit.tlog\cl.read.1.tlog
c:\users\shift_000\documents\waveedit\waveedit\debug\waveedit.tlog\cl.write.1.tlog
c:\users\shift_000\documents\waveedit\waveedit\debug\waveedit.tlog\link-cvtres.read.1.tlog
c:\users\shift_000\documents\waveedit\waveedit\debug\waveedit.tlog\link-cvtres.write.1.tlog
c:\users\shift_000\documents\waveedit\waveedit\debug\waveedit.tlog\link-mt.read.1.tlog
c:\users\shift_000\documents\waveedit\waveedit\debug\waveedit.tlog\link-mt.write.1.tlog
c:\users\shift_000\documents\waveedit\waveedit\debug\waveedit.tlog\link-rc.read.1.tlog
c:\users\shift_000\documents\waveedit\waveedit\debug\waveedit.tlog\link-rc.write.1.tlog
c:\users\shift_000\documents\waveedit\waveedit\debug\waveedit.tlog\link.command.1.tlog
c:\users\shift_000\documents\waveedit\waveedit\debug\waveedit.tlog\link.read.1.tlog
c:\users\shift_000\documents\waveedit\waveedit\debug\waveedit.tlog\link.write.1.tlog
c:\users\shift_000\documents\waveedit\waveedit\debug\waveedit.tlog\rc.command.1.tlog
c:\users\shift_000\documents\waveedit\waveedit\debug\waveedit.tlog\rc.read.1.tlog
c:\users\shift_000\documents\waveedit\waveedit\debug\waveedit.tlog\rc.write.1.tlog
