Build started 2/20/2014 11:09:03 AM.
     1>Project "C:\Users\shift_000\Documents\WaveEdit\WaveEdit\WaveEdit.vcxproj" on node 2 (Build target(s)).
     1>ClCompile:
         C:\Program Files (x86)\Microsoft Visual Studio 12.0\VC\bin\CL.exe /c /ZI /nologo /W3 /WX- /sdl /Od /Oy- /D WIN32 /D _WINDOWS /D _DEBUG /D _UNICODE /D UNICODE /D _AFXDLL /Gm /EHsc /RTC1 /MDd /GS /fp:precise /Zc:wchar_t /Zc:forScope /Yu"stdafx.h" /Fp"Debug\WaveEdit.pch" /Fo"Debug\\" /Fd"Debug\vc120.pdb" /Gd /TP /analyze- /errorReport:prompt WaveEditView.cpp
         WaveEditView.cpp
     1>c:\users\shift_000\documents\waveedit\waveedit\waveeditview.cpp(135): warning C4244: 'initializing' : conversion from 'int' to 'float', possible loss of data
     1>c:\users\shift_000\documents\waveedit\waveedit\waveeditview.cpp(181): warning C4244: '=' : conversion from 'double' to 'int', possible loss of data
     1>c:\users\shift_000\documents\waveedit\waveedit\waveeditview.cpp(182): warning C4244: '=' : conversion from 'double' to 'int', possible loss of data
     1>c:\users\shift_000\documents\waveedit\waveedit\waveeditview.cpp(303): warning C4244: 'argument' : conversion from 'double' to 'int', possible loss of data
     1>c:\users\shift_000\documents\waveedit\waveedit\waveeditview.cpp(340): warning C4244: 'argument' : conversion from 'double' to 'int', possible loss of data
     1>c:\users\shift_000\documents\waveedit\waveedit\waveeditview.cpp(370): warning C4244: 'argument' : conversion from 'double' to 'int', possible loss of data
       Link:
         C:\Program Files (x86)\Microsoft Visual Studio 12.0\VC\bin\link.exe /ERRORREPORT:PROMPT /OUT:"C:\Users\shift_000\Documents\WaveEdit\Debug\WaveEdit.exe" /INCREMENTAL /NOLOGO winmm.lib /MANIFEST /MANIFESTUAC:"level='asInvoker' uiAccess='false'" /manifest:embed /manifestinput:"C:\Program Files (x86)\Microsoft Visual Studio 12.0\VC\Include\Manifest\dpiaware.manifest" /DEBUG /PDB:"C:\Users\shift_000\Documents\WaveEdit\Debug\WaveEdit.pdb" /SUBSYSTEM:WINDOWS /TLBID:1 /ENTRY:"wWinMainCRTStartup" /DYNAMICBASE /NXCOMPAT /IMPLIB:"C:\Users\shift_000\Documents\WaveEdit\Debug\WaveEdit.lib" /MACHINE:X86 Debug\WaveEdit.res
         Debug\ChildFrm.obj
         Debug\ClassView.obj
         Debug\FileView.obj
         Debug\MainFrm.obj
         Debug\OutputWnd.obj
         Debug\PropertiesWnd.obj
         Debug\stdafx.obj
         Debug\ViewTree.obj
         Debug\WaveEdit.obj
         Debug\WaveEditDoc.obj
         Debug\WaveEditView.obj
         Debug\WaveFile.obj
         WaveEdit.vcxproj -> C:\Users\shift_000\Documents\WaveEdit\Debug\WaveEdit.exe
     1>Done Building Project "C:\Users\shift_000\Documents\WaveEdit\WaveEdit\WaveEdit.vcxproj" (Build target(s)).

Build succeeded.

Time Elapsed 00:00:02.64
